{
  "RSpec": {
    "coverage": {
      "/Users/adamhundley/Turing/3module/projects/making_the_band_gem/making_the_band/spec/features/user_logs_in_with_facebook_spec.rb": [
        1,
        null,
        1,
        null,
        1,
        1,
        null,
        null,
        1,
        1,
        null,
        1,
        1,
        1,
        1,
        null,
        null,
        null
      ],
      "/Users/adamhundley/Turing/3module/projects/making_the_band_gem/making_the_band/spec/rails_helper.rb": [
        1,
        1,
        null,
        1,
        1,
        1,
        1,
        1,
        null,
        1,
        0,
        null,
        null,
        1,
        null,
        1,
        1,
        1,
        null,
        1,
        1,
        null,
        1,
        1,
        0,
        0,
        0,
        0,
        0,
        null,
        null,
        null,
        null,
        null,
        1,
        null,
        1,
        null,
        null,
        1,
        null,
        null,
        null,
        null,
        null,
        null,
        null,
        null,
        null,
        null,
        null,
        null,
        null,
        null,
        null,
        null,
        null,
        null,
        null,
        null,
        null,
        1,
        1,
        1,
        1,
        null
      ],
      "/Users/adamhundley/Turing/3module/projects/making_the_band_gem/making_the_band/config/environment.rb": [
        null,
        1,
        null,
        null,
        1
      ],
      "/Users/adamhundley/Turing/3module/projects/making_the_band_gem/making_the_band/config/application.rb": [
        1,
        null,
        1,
        null,
        null,
        null,
        1,
        null,
        1,
        1,
        null,
        null,
        null,
        null,
        null,
        null,
        null,
        null,
        null,
        null,
        null,
        null,
        null,
        1,
        null,
        null
      ],
      "/Users/adamhundley/Turing/3module/projects/making_the_band_gem/making_the_band/config/boot.rb": [
        1,
        null,
        1
      ],
      "/Users/adamhundley/Turing/3module/projects/making_the_band_gem/making_the_band/config/environments/test.rb": [
        1,
        null,
        null,
        null,
        null,
        null,
        null,
        1,
        null,
        null,
        null,
        null,
        1,
        null,
        null,
        1,
        1,
        null,
        null,
        1,
        1,
        null,
        null,
        1,
        null,
        null,
        1,
        null,
        null,
        null,
        null,
        1,
        null,
        null,
        1,
        null,
        null,
        1,
        null,
        null,
        null,
        null
      ],
      "/Users/adamhundley/Turing/3module/projects/making_the_band_gem/making_the_band/config/initializers/assets.rb": [
        null,
        null,
        null,
        1,
        null,
        null,
        null,
        null,
        null,
        null,
        null
      ],
      "/Users/adamhundley/Turing/3module/projects/making_the_band_gem/making_the_band/config/initializers/backtrace_silencers.rb": [
        null,
        null,
        null,
        null,
        null,
        null,
        null
      ],
      "/Users/adamhundley/Turing/3module/projects/making_the_band_gem/making_the_band/config/initializers/cookies_serializer.rb": [
        null,
        null,
        1
      ],
      "/Users/adamhundley/Turing/3module/projects/making_the_band_gem/making_the_band/config/initializers/filter_parameter_logging.rb": [
        null,
        null,
        null,
        1
      ],
      "/Users/adamhundley/Turing/3module/projects/making_the_band_gem/making_the_band/config/initializers/inflections.rb": [
        null,
        null,
        null,
        null,
        null,
        null,
        null,
        null,
        null,
        null,
        null,
        null,
        null,
        null,
        null,
        null
      ],
      "/Users/adamhundley/Turing/3module/projects/making_the_band_gem/making_the_band/config/initializers/mime_types.rb": [
        null,
        null,
        null,
        null
      ],
      "/Users/adamhundley/Turing/3module/projects/making_the_band_gem/making_the_band/config/initializers/omniauth.rb": [
        1,
        1,
        null
      ],
      "/Users/adamhundley/Turing/3module/projects/making_the_band_gem/making_the_band/config/initializers/session_store.rb": [
        null,
        null,
        1
      ],
      "/Users/adamhundley/Turing/3module/projects/making_the_band_gem/making_the_band/config/initializers/wrap_parameters.rb": [
        null,
        null,
        null,
        null,
        null,
        null,
        1,
        1,
        null,
        null,
        null,
        null,
        null,
        null
      ],
      "/Users/adamhundley/Turing/3module/projects/making_the_band_gem/making_the_band/config/routes.rb": [
        1,
        null,
        1,
        null,
        null,
        1,
        1,
        null,
        null,
        1,
        1,
        1,
        1,
        null
      ],
      "/Users/adamhundley/Turing/3module/projects/making_the_band_gem/making_the_band/app/helpers/application_helper.rb": [
        1,
        null,
        null
      ],
      "/Users/adamhundley/Turing/3module/projects/making_the_band_gem/making_the_band/app/helpers/artists_helper.rb": [
        1,
        null
      ],
      "/Users/adamhundley/Turing/3module/projects/making_the_band_gem/making_the_band/app/helpers/home_helper.rb": [
        1,
        null
      ],
      "/Users/adamhundley/Turing/3module/projects/making_the_band_gem/making_the_band/app/helpers/sessions_helper.rb": [
        1,
        null
      ],
      "/Users/adamhundley/Turing/3module/projects/making_the_band_gem/making_the_band/app/helpers/shows_helper.rb": [
        1,
        null
      ],
      "/Users/adamhundley/Turing/3module/projects/making_the_band_gem/making_the_band/spec/features/user_searches_for_artist_spec.rb": [
        1,
        null,
        1,
        1,
        1,
        1,
        1,
        1,
        null,
        1,
        1,
        null,
        null,
        0,
        0,
        null,
        0,
        0,
        null,
        null,
        null
      ],
      "/Users/adamhundley/Turing/3module/projects/making_the_band_gem/making_the_band/spec/features/user_searches_for_location_spec.rb": [
        1,
        null,
        1,
        1,
        1,
        1,
        1,
        1,
        null,
        1,
        1,
        null,
        1,
        1,
        1,
        1,
        null,
        1,
        1,
        null,
        null,
        null
      ],
      "/Users/adamhundley/Turing/3module/projects/making_the_band_gem/making_the_band/spec/models/artist_spec.rb": [
        1,
        null,
        1,
        1,
        1,
        1,
        1,
        1,
        null,
        1,
        1,
        null,
        null,
        null,
        null
      ],
      "/Users/adamhundley/Turing/3module/projects/making_the_band_gem/making_the_band/app/models/artist.rb": [
        1,
        1,
        null,
        1,
        null,
        1,
        2,
        2,
        2,
        2,
        2,
        2,
        2,
        2,
        null,
        null,
        1,
        2,
        null,
        null,
        1,
        2,
        2,
        0,
        null,
        2,
        2,
        2,
        2,
        null,
        null,
        null,
        1,
        null,
        1,
        2,
        98,
        null,
        null,
        null,
        1,
        2,
        null,
        null,
        1,
        2,
        98,
        null,
        null,
        null,
        null
      ],
      "/Users/adamhundley/Turing/3module/projects/making_the_band_gem/making_the_band/spec/models/location_spec.rb": [
        1,
        null,
        1,
        1,
        1,
        1,
        1,
        1,
        null,
        1,
        1,
        null,
        null,
        null,
        null
      ],
      "/Users/adamhundley/Turing/3module/projects/making_the_band_gem/making_the_band/app/models/location.rb": [
        1,
        1,
        1,
        null,
        1,
        3,
        3,
        3,
        3,
        3,
        null,
        null,
        1,
        3,
        1,
        null,
        3,
        3,
        null,
        3,
        0,
        null,
        3,
        3,
        3,
        3,
        3,
        3,
        null,
        null,
        null,
        1,
        3,
        null,
        null,
        1,
        3,
        null,
        null,
        1,
        null,
        1,
        1,
        1,
        null,
        null,
        1,
        3,
        null,
        null,
        1,
        3,
        211,
        null,
        null,
        null,
        1,
        3,
        211,
        null,
        null,
        null,
        1,
        3,
        211,
        null,
        null,
        null,
        null
      ],
      "/Users/adamhundley/Turing/3module/projects/making_the_band_gem/making_the_band/spec/models/user_spec.rb": [
        1,
        null,
        1,
        1,
        null
      ],
      "/Users/adamhundley/Turing/3module/projects/making_the_band_gem/making_the_band/app/models/user.rb": [
        1,
        1,
        1,
        1,
        1,
        1,
        1,
        1,
        1,
        1,
        null,
        null,
        null
      ],
      "/Users/adamhundley/Turing/3module/projects/making_the_band_gem/making_the_band/spec/services/bit_service_spec.rb": [
        1,
        null,
        1,
        1,
        1,
        1,
        1,
        1,
        1,
        1,
        null,
        null,
        null,
        1,
        1,
        1,
        1,
        1,
        1,
        1,
        1,
        0,
        0,
        null,
        null,
        null,
        null
      ],
      "/Users/adamhundley/Turing/3module/projects/making_the_band_gem/making_the_band/app/services/bit_service.rb": [
        1,
        1,
        7,
        7,
        null,
        null,
        1,
        4,
        null,
        null,
        1,
        3,
        3,
        null,
        null,
        1,
        null,
        1,
        14,
        null,
        null,
        1,
        7,
        null,
        null,
        null
      ],
      "/Users/adamhundley/Turing/3module/projects/making_the_band_gem/making_the_band/app/controllers/home_controller.rb": [
        1,
        1,
        null,
        null
      ],
      "/Users/adamhundley/Turing/3module/projects/making_the_band_gem/making_the_band/app/controllers/application_controller.rb": [
        1,
        1,
        null,
        1,
        10,
        null,
        null,
        1,
        null
      ],
      "/Users/adamhundley/Turing/3module/projects/making_the_band_gem/making_the_band/app/controllers/sessions_controller.rb": [
        1,
        1,
        1,
        1,
        1,
        null,
        1,
        null,
        null,
        1,
        0,
        0,
        0,
        0,
        null,
        null
      ],
      "/Users/adamhundley/Turing/3module/projects/making_the_band_gem/making_the_band/app/controllers/artists_controller.rb": [
        1,
        1,
        1,
        1,
        1,
        0,
        0,
        null,
        null,
        null,
        1,
        null,
        1,
        2,
        null,
        null
      ],
      "/Users/adamhundley/Turing/3module/projects/making_the_band_gem/making_the_band/app/models/show.rb": [
        1,
        1,
        null,
        null,
        null,
        null,
        null,
        null,
        null,
        null,
        null,
        null,
        null,
        null,
        null,
        null,
        null,
        1,
        309,
        309,
        309,
        309,
        309,
        309,
        309,
        309,
        309,
        309,
        309,
        309,
        309,
        309,
        null,
        null,
        1,
        0,
        0,
        null,
        0,
        0,
        0,
        0,
        null,
        null,
        1,
        0,
        0,
        null,
        null,
        null,
        1,
        0,
        null,
        null,
        1,
        111,
        null,
        null,
        1,
        null,
        1,
        0,
        0,
        null,
        null,
        1,
        0,
        0,
        null,
        null,
        null
      ],
      "/Users/adamhundley/Turing/3module/projects/making_the_band_gem/making_the_band/app/controllers/locations_controller.rb": [
        1,
        null,
        1,
        2,
        2,
        0,
        0,
        null,
        null,
        null,
        1,
        null,
        1,
        2,
        null,
        null
      ]
    },
    "timestamp": 1460264529
  }
}
